<?xml version="1.0" encoding="UTF-8"?>
<!-- Generated by org.testng.reporters.JUnitReportReporter -->
<testsuite hostname="IBM-1FXTPM3" failures="0" tests="1" name="FirstSeleniumScript.FirstTestNGSample" time="0.007" errors="0" timestamp="2022-11-07T16:52:11 IST" skipped="0">
  <testcase classname="FirstSeleniumScript.FirstTestNGSample" name="firstScript" time="0.007"/>
  <system-out/>
</testsuite> <!-- FirstSeleniumScript.FirstTestNGSample -->
